<?xml version="1.0" encoding="UTF-8"?>
<testsuite xmlns:xsi="http://www.w3.org/2001/XMLSchema-instance" xsi:noNamespaceSchemaLocation="https://maven.apache.org/surefire/maven-surefire-plugin/xsd/surefire-test-report.xsd" name="com.example.MangerMicroservice.MangerMicroserviceApplicationTests" time="10.994" tests="5" errors="3" skipped="0" failures="0">
  <properties>
[...]
</properties>
  <testcase name="deleteEmployee" classname="com.example.MangerMicroservice.MangerMicroserviceApplicationTests" time="0.282">
    <error message="Provided id of the wrong type for class com.example.MangerMicroservice.entity.Employee. Expected: class java.lang.Integer, got class java.lang.Long; nested exception is java.lang.IllegalArgumentException: Provided id of the wrong type for class com.example.MangerMicroservice.entity.Employee. Expected: class java.lang.Integer, got class java.lang.Long" type="org.springframework.dao.InvalidDataAccessApiUsageException">org.springframework.dao.InvalidDataAccessApiUsageException: Provided id of the wrong type for class com.example.MangerMicroservice.entity.Employee. Expected: class java.lang.Integer, got class java.lang.Long; nested exception is java.lang.IllegalArgumentException: Provided id of the wrong type for class com.example.MangerMicroservice.entity.Employee. Expected: class java.lang.Integer, got class java.lang.Long
	at com.example.MangerMicroservice.MangerMicroserviceApplicationTests.deleteEmployee(MangerMicroserviceApplicationTests.java:66)
Caused by: java.lang.IllegalArgumentException: Provided id of the wrong type for class com.example.MangerMicroservice.entity.Employee. Expected: class java.lang.Integer, got class java.lang.Long
	at com.example.MangerMicroservice.MangerMicroserviceApplicationTests.deleteEmployee(MangerMicroserviceApplicationTests.java:66)
Caused by: org.hibernate.TypeMismatchException: Provided id of the wrong type for class com.example.MangerMicroservice.entity.Employee. Expected: class java.lang.Integer, got class java.lang.Long
	at com.example.MangerMicroservice.MangerMicroserviceApplicationTests.deleteEmployee(MangerMicroserviceApplicationTests.java:66)
</error>
    <system-out><![CDATA[16:56:51.145 [main] DEBUG org.springframework.test.context.BootstrapUtils - Instantiating CacheAwareContextLoaderDelegate from class [org.springframework.test.context.cache.DefaultCacheAwareContextLoaderDelegate]
16:56:51.154 [main] DEBUG org.springframework.test.context.BootstrapUtils - Instantiating BootstrapContext using constructor [public org.springframework.test.context.support.DefaultBootstrapContext(java.lang.Class,org.springframework.test.context.CacheAwareContextLoaderDelegate)]
16:56:51.188 [main] DEBUG org.springframework.test.context.BootstrapUtils - Instantiating TestContextBootstrapper for test class [com.example.MangerMicroservice.MangerMicroserviceApplicationTests] from class [org.springframework.boot.test.context.SpringBootTestContextBootstrapper]
16:56:51.198 [main] INFO org.springframework.boot.test.context.SpringBootTestContextBootstrapper - Neither @ContextConfiguration nor @ContextHierarchy found for test class [com.example.MangerMicroservice.MangerMicroserviceApplicationTests], using SpringBootContextLoader
16:56:51.201 [main] DEBUG org.springframework.test.context.support.AbstractContextLoader - Did not detect default resource location for test class [com.example.MangerMicroservice.MangerMicroserviceApplicationTests]: class path resource [com/example/MangerMicroservice/MangerMicroserviceApplicationTests-context.xml] does not exist
16:56:51.201 [main] DEBUG org.springframework.test.context.support.AbstractContextLoader - Did not detect default resource location for test class [com.example.MangerMicroservice.MangerMicroserviceApplicationTests]: class path resource [com/example/MangerMicroservice/MangerMicroserviceApplicationTestsContext.groovy] does not exist
16:56:51.201 [main] INFO org.springframework.test.context.support.AbstractContextLoader - Could not detect default resource locations for test class [com.example.MangerMicroservice.MangerMicroserviceApplicationTests]: no resource found for suffixes {-context.xml, Context.groovy}.
16:56:51.202 [main] INFO org.springframework.test.context.support.AnnotationConfigContextLoaderUtils - Could not detect default configuration classes for test class [com.example.MangerMicroservice.MangerMicroserviceApplicationTests]: MangerMicroserviceApplicationTests does not declare any static, non-private, non-final, nested classes annotated with @Configuration.
16:56:51.278 [main] DEBUG org.springframework.test.context.support.ActiveProfilesUtils - Could not find an 'annotation declaring class' for annotation type [org.springframework.test.context.ActiveProfiles] and class [com.example.MangerMicroservice.MangerMicroserviceApplicationTests]
16:56:51.348 [main] DEBUG org.springframework.context.annotation.ClassPathScanningCandidateComponentProvider - Identified candidate component class: file [C:\Users\korkeert\git\Online_Hotel_Management\Manger-Microservice\target\classes\com\example\MangerMicroservice\MangerMicroserviceApplication.class]
16:56:51.349 [main] INFO org.springframework.boot.test.context.SpringBootTestContextBootstrapper - Found @SpringBootConfiguration com.example.MangerMicroservice.MangerMicroserviceApplication for test class com.example.MangerMicroservice.MangerMicroserviceApplicationTests
16:56:51.497 [main] DEBUG org.springframework.boot.test.context.SpringBootTestContextBootstrapper - @TestExecutionListeners is not present for class [com.example.MangerMicroservice.MangerMicroserviceApplicationTests]: using defaults.
16:56:51.498 [main] INFO org.springframework.boot.test.context.SpringBootTestContextBootstrapper - Loaded default TestExecutionListener class names from location [META-INF/spring.factories]: [org.springframework.boot.test.mock.mockito.MockitoTestExecutionListener, org.springframework.boot.test.mock.mockito.ResetMocksTestExecutionListener, org.springframework.boot.test.autoconfigure.restdocs.RestDocsTestExecutionListener, org.springframework.boot.test.autoconfigure.web.client.MockRestServiceServerResetTestExecutionListener, org.springframework.boot.test.autoconfigure.web.servlet.MockMvcPrintOnlyOnFailureTestExecutionListener, org.springframework.boot.test.autoconfigure.web.servlet.WebDriverTestExecutionListener, org.springframework.boot.test.autoconfigure.webservices.client.MockWebServiceServerTestExecutionListener, org.springframework.test.context.web.ServletTestExecutionListener, org.springframework.test.context.support.DirtiesContextBeforeModesTestExecutionListener, org.springframework.test.context.event.ApplicationEventsTestExecutionListener, org.springframework.test.context.support.DependencyInjectionTestExecutionListener, org.springframework.test.context.support.DirtiesContextTestExecutionListener, org.springframework.test.context.transaction.TransactionalTestExecutionListener, org.springframework.test.context.jdbc.SqlScriptsTestExecutionListener, org.springframework.test.context.event.EventPublishingTestExecutionListener, org.springframework.security.test.context.support.WithSecurityContextTestExecutionListener, org.springframework.security.test.context.support.ReactorContextTestExecutionListener]
16:56:51.528 [main] INFO org.springframework.boot.test.context.SpringBootTestContextBootstrapper - Using TestExecutionListeners: [org.springframework.test.context.web.ServletTestExecutionListener@5be067de, org.springframework.test.context.support.DirtiesContextBeforeModesTestExecutionListener@7383eae2, org.springframework.test.context.event.ApplicationEventsTestExecutionListener@18245eb0, org.springframework.boot.test.mock.mockito.MockitoTestExecutionListener@7c7d3c46, org.springframework.boot.test.autoconfigure.SpringBootDependencyInjectionTestExecutionListener@24fb6a80, org.springframework.test.context.support.DirtiesContextTestExecutionListener@48c35007, org.springframework.test.context.transaction.TransactionalTestExecutionListener@72a85671, org.springframework.test.context.jdbc.SqlScriptsTestExecutionListener@6722db6e, org.springframework.test.context.event.EventPublishingTestExecutionListener@18f20260, org.springframework.security.test.context.support.WithSecurityContextTestExecutionListener@4ae33a11, org.springframework.security.test.context.support.ReactorContextTestExecutionListener@7a48e6e2, org.springframework.boot.test.mock.mockito.ResetMocksTestExecutionListener@b40bb6e, org.springframework.boot.test.autoconfigure.restdocs.RestDocsTestExecutionListener@3a94964, org.springframework.boot.test.autoconfigure.web.client.MockRestServiceServerResetTestExecutionListener@5049d8b2, org.springframework.boot.test.autoconfigure.web.servlet.MockMvcPrintOnlyOnFailureTestExecutionListener@6d0b5baf, org.springframework.boot.test.autoconfigure.web.servlet.WebDriverTestExecutionListener@631e06ab, org.springframework.boot.test.autoconfigure.webservices.client.MockWebServiceServerTestExecutionListener@2a3591c5]
16:56:51.533 [main] DEBUG org.springframework.test.context.support.AbstractDirtiesContextTestExecutionListener - Before test class: context [DefaultTestContext@6d366c9b testClass = MangerMicroserviceApplicationTests, testInstance = [null], testMethod = [null], testException = [null], mergedContextConfiguration = [WebMergedContextConfiguration@5b58ed3c testClass = MangerMicroserviceApplicationTests, locations = '{}', classes = '{class com.example.MangerMicroservice.MangerMicroserviceApplication}', contextInitializerClasses = '[]', activeProfiles = '{}', propertySourceLocations = '{}', propertySourceProperties = '{org.springframework.boot.test.context.SpringBootTestContextBootstrapper=true}', contextCustomizers = set[org.springframework.boot.test.context.filter.ExcludeFilterContextCustomizer@59cba5a, org.springframework.boot.test.json.DuplicateJsonObjectContextCustomizerFactory$DuplicateJsonObjectContextCustomizer@768fc0f2, org.springframework.boot.test.mock.mockito.MockitoContextCustomizer@0, org.springframework.boot.test.web.client.TestRestTemplateContextCustomizer@51133c06, org.springframework.boot.test.web.reactive.server.WebTestClientContextCustomizer@38604b81, org.springframework.boot.test.autoconfigure.actuate.metrics.MetricsExportContextCustomizerFactory$DisableMetricExportContextCustomizer@3688eb5b, org.springframework.boot.test.autoconfigure.properties.PropertyMappingContextCustomizer@0, org.springframework.boot.test.autoconfigure.web.servlet.WebDriverContextCustomizerFactory$Customizer@413f69cc, org.springframework.boot.test.context.SpringBootTestArgs@1, org.springframework.boot.test.context.SpringBootTestWebEnvironment@459e9125], resourceBasePath = 'src/main/webapp', contextLoader = 'org.springframework.boot.test.context.SpringBootContextLoader', parent = [null]], attributes = map['org.springframework.test.context.web.ServletTestExecutionListener.activateListener' -> true]], class annotated with @DirtiesContext [false] with mode [null].

  .   ____          _            __ _ _
 /\\ / ___'_ __ _ _(_)_ __  __ _ \ \ \ \
( ( )\___ | '_ | '_| | '_ \/ _` | \ \ \ \
 \\/  ___)| |_)| | | | | || (_| |  ) ) ) )
  '  |____| .__|_| |_|_| |_\__, | / / / /
 =========|_|==============|___/=/_/_/_/
 :: Spring Boot ::                (v2.7.3)

2023-06-28 16:56:52.048  INFO 21036 --- [           main] c.e.M.MangerMicroserviceApplicationTests : Starting MangerMicroserviceApplicationTests using Java 17.0.4.1 on inlen8520029598 with PID 21036 (started by korkeert in C:\Users\korkeert\git\Online_Hotel_Management\Manger-Microservice)
2023-06-28 16:56:52.050  INFO 21036 --- [           main] c.e.M.MangerMicroserviceApplicationTests : No active profile set, falling back to 1 default profile: "default"
2023-06-28 16:56:53.185  INFO 21036 --- [           main] .s.d.r.c.RepositoryConfigurationDelegate : Bootstrapping Spring Data JPA repositories in DEFAULT mode.
2023-06-28 16:56:53.342  INFO 21036 --- [           main] .s.d.r.c.RepositoryConfigurationDelegate : Finished Spring Data repository scanning in 147 ms. Found 3 JPA repository interfaces.
2023-06-28 16:56:53.727  INFO 21036 --- [           main] o.s.cloud.context.scope.GenericScope     : BeanFactory id=3435a28d-fc92-3b95-b762-c1a8da21eba4
2023-06-28 16:56:54.101  INFO 21036 --- [           main] trationDelegate$BeanPostProcessorChecker : Bean 'org.springframework.cloud.client.loadbalancer.reactive.LoadBalancerBeanPostProcessorAutoConfiguration' of type [org.springframework.cloud.client.loadbalancer.reactive.LoadBalancerBeanPostProcessorAutoConfiguration] is not eligible for getting processed by all BeanPostProcessors (for example: not eligible for auto-proxying)
2023-06-28 16:56:54.109  INFO 21036 --- [           main] trationDelegate$BeanPostProcessorChecker : Bean 'org.springframework.cloud.client.loadbalancer.reactive.LoadBalancerBeanPostProcessorAutoConfiguration$ReactorDeferringLoadBalancerFilterConfig' of type [org.springframework.cloud.client.loadbalancer.reactive.LoadBalancerBeanPostProcessorAutoConfiguration$ReactorDeferringLoadBalancerFilterConfig] is not eligible for getting processed by all BeanPostProcessors (for example: not eligible for auto-proxying)
2023-06-28 16:56:54.115  INFO 21036 --- [           main] trationDelegate$BeanPostProcessorChecker : Bean 'reactorDeferringLoadBalancerExchangeFilterFunction' of type [org.springframework.cloud.client.loadbalancer.reactive.DeferringLoadBalancerExchangeFilterFunction] is not eligible for getting processed by all BeanPostProcessors (for example: not eligible for auto-proxying)
2023-06-28 16:56:54.388  INFO 21036 --- [           main] o.hibernate.jpa.internal.util.LogHelper  : HHH000204: Processing PersistenceUnitInfo [name: default]
2023-06-28 16:56:54.460  INFO 21036 --- [           main] org.hibernate.Version                    : HHH000412: Hibernate ORM core version 5.6.10.Final
2023-06-28 16:56:54.675  INFO 21036 --- [           main] o.hibernate.annotations.common.Version   : HCANN000001: Hibernate Commons Annotations {5.1.2.Final}
2023-06-28 16:56:54.854  INFO 21036 --- [           main] com.zaxxer.hikari.HikariDataSource       : HikariPool-1 - Starting...
2023-06-28 16:56:55.187  INFO 21036 --- [           main] com.zaxxer.hikari.HikariDataSource       : HikariPool-1 - Start completed.
2023-06-28 16:56:55.219  INFO 21036 --- [           main] org.hibernate.dialect.Dialect            : HHH000400: Using dialect: org.hibernate.dialect.PostgreSQL10Dialect
2023-06-28 16:56:56.165  INFO 21036 --- [           main] o.h.e.t.j.p.i.JtaPlatformInitiator       : HHH000490: Using JtaPlatform implementation: [org.hibernate.engine.transaction.jta.platform.internal.NoJtaPlatform]
2023-06-28 16:56:56.174  INFO 21036 --- [           main] j.LocalContainerEntityManagerFactoryBean : Initialized JPA EntityManagerFactory for persistence unit 'default'
2023-06-28 16:56:56.392  WARN 21036 --- [           main] JpaBaseConfiguration$JpaWebConfiguration : spring.jpa.open-in-view is enabled by default. Therefore, database queries may be performed during view rendering. Explicitly configure spring.jpa.open-in-view to disable this warning
2023-06-28 16:56:57.316  WARN 21036 --- [           main] o.s.s.c.a.web.builders.WebSecurity       : You are asking Spring Security to ignore Ant [pattern='/swagger-ui/**']. This is not recommended -- please use permitAll via HttpSecurity#authorizeHttpRequests instead.
2023-06-28 16:56:57.317  INFO 21036 --- [           main] o.s.s.web.DefaultSecurityFilterChain     : Will not secure Ant [pattern='/swagger-ui/**']
2023-06-28 16:56:57.318  WARN 21036 --- [           main] o.s.s.c.a.web.builders.WebSecurity       : You are asking Spring Security to ignore Ant [pattern='/v3/api-docs']. This is not recommended -- please use permitAll via HttpSecurity#authorizeHttpRequests instead.
2023-06-28 16:56:57.318  INFO 21036 --- [           main] o.s.s.web.DefaultSecurityFilterChain     : Will not secure Ant [pattern='/v3/api-docs']
2023-06-28 16:56:58.689  INFO 21036 --- [           main] o.s.s.web.DefaultSecurityFilterChain     : Will secure any request with [org.springframework.security.web.session.DisableEncodeUrlFilter@798d8247, org.springframework.security.web.context.request.async.WebAsyncManagerIntegrationFilter@41623694, org.springframework.security.web.context.SecurityContextPersistenceFilter@5d00e30e, org.springframework.security.web.header.HeaderWriterFilter@7a3f3bc4, org.springframework.web.filter.CorsFilter@46d83ec4, org.springframework.security.web.authentication.logout.LogoutFilter@6fe33512, com.example.MangerMicroservice.security.jwt.AuthTokenFilter@1de398c3, org.springframework.security.web.savedrequest.RequestCacheAwareFilter@2ced7cf, org.springframework.security.web.servletapi.SecurityContextHolderAwareRequestFilter@1516f497, org.springframework.security.web.authentication.AnonymousAuthenticationFilter@2ccb8db3, org.springframework.security.web.session.SessionManagementFilter@3a2881d6, org.springframework.security.web.access.ExceptionTranslationFilter@eef6e, org.springframework.security.web.access.intercept.FilterSecurityInterceptor@b1e63b5]
2023-06-28 16:57:00.209  INFO 21036 --- [           main] DiscoveryClientOptionalArgsConfiguration : Eureka HTTP Client uses RestTemplate.
2023-06-28 16:57:00.923  WARN 21036 --- [           main] iguration$LoadBalancerCaffeineWarnLogger : Spring Cloud LoadBalancer is currently working with the default cache. While this cache implementation is useful for development and tests, it's recommended to use Caffeine cache in production.You can switch to using Caffeine cache, by adding it and org.springframework.cache.caffeine.CaffeineCacheManager to the classpath.
2023-06-28 16:57:00.983  INFO 21036 --- [           main] o.s.c.n.eureka.InstanceInfoFactory       : Setting initial instance status as: STARTING
2023-06-28 16:57:01.116  INFO 21036 --- [           main] com.netflix.discovery.DiscoveryClient    : Initializing Eureka in region us-east-1
2023-06-28 16:57:01.126  INFO 21036 --- [           main] c.n.d.s.r.aws.ConfigClusterResolver      : Resolving eureka endpoints via configuration
2023-06-28 16:57:01.167  INFO 21036 --- [           main] com.netflix.discovery.DiscoveryClient    : Disable delta property : false
2023-06-28 16:57:01.167  INFO 21036 --- [           main] com.netflix.discovery.DiscoveryClient    : Single vip registry refresh property : null
2023-06-28 16:57:01.167  INFO 21036 --- [           main] com.netflix.discovery.DiscoveryClient    : Force full registry fetch : false
2023-06-28 16:57:01.167  INFO 21036 --- [           main] com.netflix.discovery.DiscoveryClient    : Application is null : false
2023-06-28 16:57:01.168  INFO 21036 --- [           main] com.netflix.discovery.DiscoveryClient    : Registered Applications size is zero : true
2023-06-28 16:57:01.168  INFO 21036 --- [           main] com.netflix.discovery.DiscoveryClient    : Application version is -1: true
2023-06-28 16:57:01.168  INFO 21036 --- [           main] com.netflix.discovery.DiscoveryClient    : Getting all instance registry info from the eureka server
2023-06-28 16:57:01.497  INFO 21036 --- [           main] com.netflix.discovery.DiscoveryClient    : The response status is 200
2023-06-28 16:57:01.501  INFO 21036 --- [           main] com.netflix.discovery.DiscoveryClient    : Starting heartbeat executor: renew interval is: 30
2023-06-28 16:57:01.506  INFO 21036 --- [           main] c.n.discovery.InstanceInfoReplicator     : InstanceInfoReplicator onDemand update allowed rate per min is 4
2023-06-28 16:57:01.517  INFO 21036 --- [           main] com.netflix.discovery.DiscoveryClient    : Discovery Client initialized at timestamp 1687951621515 with initial instances count: 1
2023-06-28 16:57:01.524  INFO 21036 --- [           main] o.s.c.n.e.s.EurekaServiceRegistry        : Registering application MANAGER-MICROSERVICE with eureka with status UP
2023-06-28 16:57:01.526  INFO 21036 --- [           main] com.netflix.discovery.DiscoveryClient    : Saw local status change event StatusChangeEvent [timestamp=1687951621526, current=UP, previous=STARTING]
2023-06-28 16:57:01.528  INFO 21036 --- [nfoReplicator-0] com.netflix.discovery.DiscoveryClient    : DiscoveryClient_MANAGER-MICROSERVICE/inlen8520029598.corp.capgemini.com:Manager-Microservice:8082: registering service...
2023-06-28 16:57:01.544  INFO 21036 --- [           main] c.e.M.MangerMicroserviceApplicationTests : Started MangerMicroserviceApplicationTests in 9.944 seconds (JVM running for 11.131)
2023-06-28 16:57:01.589  INFO 21036 --- [nfoReplicator-0] com.netflix.discovery.DiscoveryClient    : DiscoveryClient_MANAGER-MICROSERVICE/inlen8520029598.corp.capgemini.com:Manager-Microservice:8082 - registration status: 204
]]></system-out>
  </testcase>
  <testcase name="getEmployeeById" classname="com.example.MangerMicroservice.MangerMicroserviceApplicationTests" time="0">
    <error message="Provided id of the wrong type for class com.example.MangerMicroservice.entity.Employee. Expected: class java.lang.Integer, got class java.lang.Long; nested exception is java.lang.IllegalArgumentException: Provided id of the wrong type for class com.example.MangerMicroservice.entity.Employee. Expected: class java.lang.Integer, got class java.lang.Long" type="org.springframework.dao.InvalidDataAccessApiUsageException">org.springframework.dao.InvalidDataAccessApiUsageException: Provided id of the wrong type for class com.example.MangerMicroservice.entity.Employee. Expected: class java.lang.Integer, got class java.lang.Long; nested exception is java.lang.IllegalArgumentException: Provided id of the wrong type for class com.example.MangerMicroservice.entity.Employee. Expected: class java.lang.Integer, got class java.lang.Long
	at com.example.MangerMicroservice.MangerMicroserviceApplicationTests.getEmployeeById(MangerMicroserviceApplicationTests.java:58)
Caused by: java.lang.IllegalArgumentException: Provided id of the wrong type for class com.example.MangerMicroservice.entity.Employee. Expected: class java.lang.Integer, got class java.lang.Long
	at com.example.MangerMicroservice.MangerMicroserviceApplicationTests.getEmployeeById(MangerMicroserviceApplicationTests.java:58)
Caused by: org.hibernate.TypeMismatchException: Provided id of the wrong type for class com.example.MangerMicroservice.entity.Employee. Expected: class java.lang.Integer, got class java.lang.Long
	at com.example.MangerMicroservice.MangerMicroserviceApplicationTests.getEmployeeById(MangerMicroserviceApplicationTests.java:58)
</error>
  </testcase>
  <testcase name="getListEmployees" classname="com.example.MangerMicroservice.MangerMicroserviceApplicationTests" time="0.175"/>
  <testcase name="saveEmployee" classname="com.example.MangerMicroservice.MangerMicroserviceApplicationTests" time="0.076"/>
  <testcase name="updateEmployee" classname="com.example.MangerMicroservice.MangerMicroserviceApplicationTests" time="0.009">
    <error message="Provided id of the wrong type for class com.example.MangerMicroservice.entity.Employee. Expected: class java.lang.Integer, got class java.lang.Long; nested exception is java.lang.IllegalArgumentException: Provided id of the wrong type for class com.example.MangerMicroservice.entity.Employee. Expected: class java.lang.Integer, got class java.lang.Long" type="org.springframework.dao.InvalidDataAccessApiUsageException">org.springframework.dao.InvalidDataAccessApiUsageException: Provided id of the wrong type for class com.example.MangerMicroservice.entity.Employee. Expected: class java.lang.Integer, got class java.lang.Long; nested exception is java.lang.IllegalArgumentException: Provided id of the wrong type for class com.example.MangerMicroservice.entity.Employee. Expected: class java.lang.Integer, got class java.lang.Long
	at com.example.MangerMicroservice.MangerMicroserviceApplicationTests.updateEmployee(MangerMicroserviceApplicationTests.java:40)
Caused by: java.lang.IllegalArgumentException: Provided id of the wrong type for class com.example.MangerMicroservice.entity.Employee. Expected: class java.lang.Integer, got class java.lang.Long
	at com.example.MangerMicroservice.MangerMicroserviceApplicationTests.updateEmployee(MangerMicroserviceApplicationTests.java:40)
Caused by: org.hibernate.TypeMismatchException: Provided id of the wrong type for class com.example.MangerMicroservice.entity.Employee. Expected: class java.lang.Integer, got class java.lang.Long
	at com.example.MangerMicroservice.MangerMicroserviceApplicationTests.updateEmployee(MangerMicroserviceApplicationTests.java:40)
</error>
  </testcase>
</testsuite>