<?xml version="1.0" encoding="UTF-8"?>
<testsuite xmlns:xsi="http://www.w3.org/2001/XMLSchema-instance" xsi:noNamespaceSchemaLocation="https://maven.apache.org/surefire/maven-surefire-plugin/xsd/surefire-test-report.xsd" name="com.example.ReceptionistMicroservice.ReceptionistMicroserviceApplicationTests" time="10.491" tests="5" errors="4" skipped="0" failures="0">
  <properties>
[...]
</properties>
  <testcase name="saveRoom" classname="com.example.ReceptionistMicroservice.ReceptionistMicroserviceApplicationTests" time="0.301">
    <error message="Could not commit JPA transaction; nested exception is javax.persistence.RollbackException: Error while committing the transaction" type="org.springframework.transaction.TransactionSystemException">org.springframework.transaction.TransactionSystemException: Could not commit JPA transaction; nested exception is javax.persistence.RollbackException: Error while committing the transaction
	at com.example.ReceptionistMicroservice.ReceptionistMicroserviceApplicationTests.saveRoom(ReceptionistMicroserviceApplicationTests.java:33)
Caused by: javax.persistence.RollbackException: Error while committing the transaction
	at com.example.ReceptionistMicroservice.ReceptionistMicroserviceApplicationTests.saveRoom(ReceptionistMicroserviceApplicationTests.java:33)
Caused by: javax.validation.ConstraintViolationException: 
Validation failed for classes [com.example.ReceptionistMicroservice.entity.Room] during persist time for groups [javax.validation.groups.Default, ]
List of constraint violations:[
	ConstraintViolationImpl{interpolatedMessage='isocuppied must be Avaliable or Booked!', propertyPath=isOccupied, rootBeanClass=class com.example.ReceptionistMicroservice.entity.Room, messageTemplate='isocuppied must be Avaliable or Booked!'}
]
	at com.example.ReceptionistMicroservice.ReceptionistMicroserviceApplicationTests.saveRoom(ReceptionistMicroserviceApplicationTests.java:33)
</error>
    <system-out><![CDATA[16:55:09.105 [main] DEBUG org.springframework.test.context.BootstrapUtils - Instantiating CacheAwareContextLoaderDelegate from class [org.springframework.test.context.cache.DefaultCacheAwareContextLoaderDelegate]
16:55:09.116 [main] DEBUG org.springframework.test.context.BootstrapUtils - Instantiating BootstrapContext using constructor [public org.springframework.test.context.support.DefaultBootstrapContext(java.lang.Class,org.springframework.test.context.CacheAwareContextLoaderDelegate)]
16:55:09.150 [main] DEBUG org.springframework.test.context.BootstrapUtils - Instantiating TestContextBootstrapper for test class [com.example.ReceptionistMicroservice.ReceptionistMicroserviceApplicationTests] from class [org.springframework.boot.test.context.SpringBootTestContextBootstrapper]
16:55:09.161 [main] INFO org.springframework.boot.test.context.SpringBootTestContextBootstrapper - Neither @ContextConfiguration nor @ContextHierarchy found for test class [com.example.ReceptionistMicroservice.ReceptionistMicroserviceApplicationTests], using SpringBootContextLoader
16:55:09.165 [main] DEBUG org.springframework.test.context.support.AbstractContextLoader - Did not detect default resource location for test class [com.example.ReceptionistMicroservice.ReceptionistMicroserviceApplicationTests]: class path resource [com/example/ReceptionistMicroservice/ReceptionistMicroserviceApplicationTests-context.xml] does not exist
16:55:09.166 [main] DEBUG org.springframework.test.context.support.AbstractContextLoader - Did not detect default resource location for test class [com.example.ReceptionistMicroservice.ReceptionistMicroserviceApplicationTests]: class path resource [com/example/ReceptionistMicroservice/ReceptionistMicroserviceApplicationTestsContext.groovy] does not exist
16:55:09.166 [main] INFO org.springframework.test.context.support.AbstractContextLoader - Could not detect default resource locations for test class [com.example.ReceptionistMicroservice.ReceptionistMicroserviceApplicationTests]: no resource found for suffixes {-context.xml, Context.groovy}.
16:55:09.166 [main] INFO org.springframework.test.context.support.AnnotationConfigContextLoaderUtils - Could not detect default configuration classes for test class [com.example.ReceptionistMicroservice.ReceptionistMicroserviceApplicationTests]: ReceptionistMicroserviceApplicationTests does not declare any static, non-private, non-final, nested classes annotated with @Configuration.
16:55:09.229 [main] DEBUG org.springframework.test.context.support.ActiveProfilesUtils - Could not find an 'annotation declaring class' for annotation type [org.springframework.test.context.ActiveProfiles] and class [com.example.ReceptionistMicroservice.ReceptionistMicroserviceApplicationTests]
16:55:09.291 [main] DEBUG org.springframework.context.annotation.ClassPathScanningCandidateComponentProvider - Identified candidate component class: file [C:\Users\korkeert\git\Online_Hotel_Management\Receptionist-Microservice\target\classes\com\example\ReceptionistMicroservice\ReceptionistMicroserviceApplication.class]
16:55:09.293 [main] INFO org.springframework.boot.test.context.SpringBootTestContextBootstrapper - Found @SpringBootConfiguration com.example.ReceptionistMicroservice.ReceptionistMicroserviceApplication for test class com.example.ReceptionistMicroservice.ReceptionistMicroserviceApplicationTests
16:55:09.396 [main] DEBUG org.springframework.boot.test.context.SpringBootTestContextBootstrapper - @TestExecutionListeners is not present for class [com.example.ReceptionistMicroservice.ReceptionistMicroserviceApplicationTests]: using defaults.
16:55:09.397 [main] INFO org.springframework.boot.test.context.SpringBootTestContextBootstrapper - Loaded default TestExecutionListener class names from location [META-INF/spring.factories]: [org.springframework.boot.test.mock.mockito.MockitoTestExecutionListener, org.springframework.boot.test.mock.mockito.ResetMocksTestExecutionListener, org.springframework.boot.test.autoconfigure.restdocs.RestDocsTestExecutionListener, org.springframework.boot.test.autoconfigure.web.client.MockRestServiceServerResetTestExecutionListener, org.springframework.boot.test.autoconfigure.web.servlet.MockMvcPrintOnlyOnFailureTestExecutionListener, org.springframework.boot.test.autoconfigure.web.servlet.WebDriverTestExecutionListener, org.springframework.boot.test.autoconfigure.webservices.client.MockWebServiceServerTestExecutionListener, org.springframework.test.context.web.ServletTestExecutionListener, org.springframework.test.context.support.DirtiesContextBeforeModesTestExecutionListener, org.springframework.test.context.event.ApplicationEventsTestExecutionListener, org.springframework.test.context.support.DependencyInjectionTestExecutionListener, org.springframework.test.context.support.DirtiesContextTestExecutionListener, org.springframework.test.context.transaction.TransactionalTestExecutionListener, org.springframework.test.context.jdbc.SqlScriptsTestExecutionListener, org.springframework.test.context.event.EventPublishingTestExecutionListener, org.springframework.security.test.context.support.WithSecurityContextTestExecutionListener, org.springframework.security.test.context.support.ReactorContextTestExecutionListener]
16:55:09.425 [main] INFO org.springframework.boot.test.context.SpringBootTestContextBootstrapper - Using TestExecutionListeners: [org.springframework.test.context.web.ServletTestExecutionListener@5b408dc3, org.springframework.test.context.support.DirtiesContextBeforeModesTestExecutionListener@4d098f9b, org.springframework.test.context.event.ApplicationEventsTestExecutionListener@2dbf4cbd, org.springframework.boot.test.mock.mockito.MockitoTestExecutionListener@20b5f2ac, org.springframework.boot.test.autoconfigure.SpringBootDependencyInjectionTestExecutionListener@7fc44dec, org.springframework.test.context.support.DirtiesContextTestExecutionListener@7e3060d8, org.springframework.test.context.transaction.TransactionalTestExecutionListener@293d0107, org.springframework.test.context.jdbc.SqlScriptsTestExecutionListener@2692b61e, org.springframework.test.context.event.EventPublishingTestExecutionListener@7b64240d, org.springframework.security.test.context.support.WithSecurityContextTestExecutionListener@62fad19, org.springframework.security.test.context.support.ReactorContextTestExecutionListener@47dbb1e2, org.springframework.boot.test.mock.mockito.ResetMocksTestExecutionListener@74cadd41, org.springframework.boot.test.autoconfigure.restdocs.RestDocsTestExecutionListener@2e54db99, org.springframework.boot.test.autoconfigure.web.client.MockRestServiceServerResetTestExecutionListener@55e8ec2f, org.springframework.boot.test.autoconfigure.web.servlet.MockMvcPrintOnlyOnFailureTestExecutionListener@4f2613d1, org.springframework.boot.test.autoconfigure.web.servlet.WebDriverTestExecutionListener@6d24ffa1, org.springframework.boot.test.autoconfigure.webservices.client.MockWebServiceServerTestExecutionListener@65a4798f]
16:55:09.430 [main] DEBUG org.springframework.test.context.support.AbstractDirtiesContextTestExecutionListener - Before test class: context [DefaultTestContext@3f1c5af9 testClass = ReceptionistMicroserviceApplicationTests, testInstance = [null], testMethod = [null], testException = [null], mergedContextConfiguration = [WebMergedContextConfiguration@1c55f277 testClass = ReceptionistMicroserviceApplicationTests, locations = '{}', classes = '{class com.example.ReceptionistMicroservice.ReceptionistMicroserviceApplication}', contextInitializerClasses = '[]', activeProfiles = '{}', propertySourceLocations = '{}', propertySourceProperties = '{org.springframework.boot.test.context.SpringBootTestContextBootstrapper=true}', contextCustomizers = set[org.springframework.boot.test.context.filter.ExcludeFilterContextCustomizer@1b45c0e, org.springframework.boot.test.json.DuplicateJsonObjectContextCustomizerFactory$DuplicateJsonObjectContextCustomizer@4416d64f, org.springframework.boot.test.mock.mockito.MockitoContextCustomizer@0, org.springframework.boot.test.web.client.TestRestTemplateContextCustomizer@14f9390f, org.springframework.boot.test.autoconfigure.actuate.metrics.MetricsExportContextCustomizerFactory$DisableMetricExportContextCustomizer@3eb77ea8, org.springframework.boot.test.autoconfigure.properties.PropertyMappingContextCustomizer@0, org.springframework.boot.test.autoconfigure.web.servlet.WebDriverContextCustomizerFactory$Customizer@1bd39d3c, org.springframework.boot.test.context.SpringBootTestArgs@1, org.springframework.boot.test.context.SpringBootTestWebEnvironment@1d2adfbe], resourceBasePath = 'src/main/webapp', contextLoader = 'org.springframework.boot.test.context.SpringBootContextLoader', parent = [null]], attributes = map['org.springframework.test.context.web.ServletTestExecutionListener.activateListener' -> true]], class annotated with @DirtiesContext [false] with mode [null].

  .   ____          _            __ _ _
 /\\ / ___'_ __ _ _(_)_ __  __ _ \ \ \ \
( ( )\___ | '_ | '_| | '_ \/ _` | \ \ \ \
 \\/  ___)| |_)| | | | | || (_| |  ) ) ) )
  '  |____| .__|_| |_|_| |_\__, | / / / /
 =========|_|==============|___/=/_/_/_/
 :: Spring Boot ::                (v2.7.3)

2023-06-28 16:55:10.007  INFO 12108 --- [           main] ReceptionistMicroserviceApplicationTests : Starting ReceptionistMicroserviceApplicationTests using Java 17.0.4.1 on inlen8520029598 with PID 12108 (started by korkeert in C:\Users\korkeert\git\Online_Hotel_Management\Receptionist-Microservice)
2023-06-28 16:55:10.009  INFO 12108 --- [           main] ReceptionistMicroserviceApplicationTests : No active profile set, falling back to 1 default profile: "default"
2023-06-28 16:55:11.212  INFO 12108 --- [           main] .s.d.r.c.RepositoryConfigurationDelegate : Bootstrapping Spring Data JPA repositories in DEFAULT mode.
2023-06-28 16:55:11.410  INFO 12108 --- [           main] .s.d.r.c.RepositoryConfigurationDelegate : Finished Spring Data repository scanning in 187 ms. Found 6 JPA repository interfaces.
2023-06-28 16:55:11.867  INFO 12108 --- [           main] o.s.cloud.context.scope.GenericScope     : BeanFactory id=a84a1e23-003b-3691-8251-93a7c48db17b
2023-06-28 16:55:12.314  INFO 12108 --- [           main] trationDelegate$BeanPostProcessorChecker : Bean 'org.springframework.cloud.client.loadbalancer.reactive.LoadBalancerBeanPostProcessorAutoConfiguration' of type [org.springframework.cloud.client.loadbalancer.reactive.LoadBalancerBeanPostProcessorAutoConfiguration] is not eligible for getting processed by all BeanPostProcessors (for example: not eligible for auto-proxying)
2023-06-28 16:55:12.319  INFO 12108 --- [           main] trationDelegate$BeanPostProcessorChecker : Bean 'org.springframework.cloud.client.loadbalancer.reactive.LoadBalancerBeanPostProcessorAutoConfiguration$ReactorDeferringLoadBalancerFilterConfig' of type [org.springframework.cloud.client.loadbalancer.reactive.LoadBalancerBeanPostProcessorAutoConfiguration$ReactorDeferringLoadBalancerFilterConfig] is not eligible for getting processed by all BeanPostProcessors (for example: not eligible for auto-proxying)
2023-06-28 16:55:12.327  INFO 12108 --- [           main] trationDelegate$BeanPostProcessorChecker : Bean 'reactorDeferringLoadBalancerExchangeFilterFunction' of type [org.springframework.cloud.client.loadbalancer.reactive.DeferringLoadBalancerExchangeFilterFunction] is not eligible for getting processed by all BeanPostProcessors (for example: not eligible for auto-proxying)
2023-06-28 16:55:12.582  INFO 12108 --- [           main] o.hibernate.jpa.internal.util.LogHelper  : HHH000204: Processing PersistenceUnitInfo [name: default]
2023-06-28 16:55:12.685  INFO 12108 --- [           main] org.hibernate.Version                    : HHH000412: Hibernate ORM core version 5.6.10.Final
2023-06-28 16:55:12.891  INFO 12108 --- [           main] o.hibernate.annotations.common.Version   : HCANN000001: Hibernate Commons Annotations {5.1.2.Final}
2023-06-28 16:55:13.062  INFO 12108 --- [           main] com.zaxxer.hikari.HikariDataSource       : HikariPool-1 - Starting...
2023-06-28 16:55:13.298  INFO 12108 --- [           main] com.zaxxer.hikari.HikariDataSource       : HikariPool-1 - Start completed.
2023-06-28 16:55:13.335  INFO 12108 --- [           main] org.hibernate.dialect.Dialect            : HHH000400: Using dialect: org.hibernate.dialect.PostgreSQL10Dialect
2023-06-28 16:55:14.267  INFO 12108 --- [           main] o.h.e.t.j.p.i.JtaPlatformInitiator       : HHH000490: Using JtaPlatform implementation: [org.hibernate.engine.transaction.jta.platform.internal.NoJtaPlatform]
2023-06-28 16:55:14.277  INFO 12108 --- [           main] j.LocalContainerEntityManagerFactoryBean : Initialized JPA EntityManagerFactory for persistence unit 'default'
2023-06-28 16:55:14.508  WARN 12108 --- [           main] JpaBaseConfiguration$JpaWebConfiguration : spring.jpa.open-in-view is enabled by default. Therefore, database queries may be performed during view rendering. Explicitly configure spring.jpa.open-in-view to disable this warning
2023-06-28 16:55:15.371  WARN 12108 --- [           main] o.s.s.c.a.web.builders.WebSecurity       : You are asking Spring Security to ignore Ant [pattern='/swagger-ui/**']. This is not recommended -- please use permitAll via HttpSecurity#authorizeHttpRequests instead.
2023-06-28 16:55:15.371  INFO 12108 --- [           main] o.s.s.web.DefaultSecurityFilterChain     : Will not secure Ant [pattern='/swagger-ui/**']
2023-06-28 16:55:15.373  WARN 12108 --- [           main] o.s.s.c.a.web.builders.WebSecurity       : You are asking Spring Security to ignore Ant [pattern='/v3/api-docs']. This is not recommended -- please use permitAll via HttpSecurity#authorizeHttpRequests instead.
2023-06-28 16:55:15.373  INFO 12108 --- [           main] o.s.s.web.DefaultSecurityFilterChain     : Will not secure Ant [pattern='/v3/api-docs']
2023-06-28 16:55:16.700  INFO 12108 --- [           main] o.s.s.web.DefaultSecurityFilterChain     : Will secure any request with [org.springframework.security.web.session.DisableEncodeUrlFilter@19240b9, org.springframework.security.web.context.request.async.WebAsyncManagerIntegrationFilter@5471342, org.springframework.security.web.context.SecurityContextPersistenceFilter@64b20d9c, org.springframework.security.web.header.HeaderWriterFilter@258ac1e6, org.springframework.web.filter.CorsFilter@2e1003d9, org.springframework.security.web.authentication.logout.LogoutFilter@3358805a, com.example.ReceptionistMicroservice.security.jwt.AuthTokenFilter@2b0d818d, org.springframework.security.web.savedrequest.RequestCacheAwareFilter@1f596988, org.springframework.security.web.servletapi.SecurityContextHolderAwareRequestFilter@41041c31, org.springframework.security.web.authentication.AnonymousAuthenticationFilter@4e9d1119, org.springframework.security.web.session.SessionManagementFilter@365a4b9b, org.springframework.security.web.access.ExceptionTranslationFilter@721fc228, org.springframework.security.web.access.intercept.FilterSecurityInterceptor@4f2a0909]
2023-06-28 16:55:17.821  INFO 12108 --- [           main] DiscoveryClientOptionalArgsConfiguration : Eureka HTTP Client uses RestTemplate.
2023-06-28 16:55:18.388  WARN 12108 --- [           main] iguration$LoadBalancerCaffeineWarnLogger : Spring Cloud LoadBalancer is currently working with the default cache. While this cache implementation is useful for development and tests, it's recommended to use Caffeine cache in production.You can switch to using Caffeine cache, by adding it and org.springframework.cache.caffeine.CaffeineCacheManager to the classpath.
2023-06-28 16:55:18.430  INFO 12108 --- [           main] o.s.c.n.eureka.InstanceInfoFactory       : Setting initial instance status as: STARTING
2023-06-28 16:55:18.561  INFO 12108 --- [           main] com.netflix.discovery.DiscoveryClient    : Initializing Eureka in region us-east-1
2023-06-28 16:55:18.567  INFO 12108 --- [           main] c.n.d.s.r.aws.ConfigClusterResolver      : Resolving eureka endpoints via configuration
2023-06-28 16:55:18.594  INFO 12108 --- [           main] com.netflix.discovery.DiscoveryClient    : Disable delta property : false
2023-06-28 16:55:18.595  INFO 12108 --- [           main] com.netflix.discovery.DiscoveryClient    : Single vip registry refresh property : null
2023-06-28 16:55:18.595  INFO 12108 --- [           main] com.netflix.discovery.DiscoveryClient    : Force full registry fetch : false
2023-06-28 16:55:18.595  INFO 12108 --- [           main] com.netflix.discovery.DiscoveryClient    : Application is null : false
2023-06-28 16:55:18.595  INFO 12108 --- [           main] com.netflix.discovery.DiscoveryClient    : Registered Applications size is zero : true
2023-06-28 16:55:18.595  INFO 12108 --- [           main] com.netflix.discovery.DiscoveryClient    : Application version is -1: true
2023-06-28 16:55:18.595  INFO 12108 --- [           main] com.netflix.discovery.DiscoveryClient    : Getting all instance registry info from the eureka server
2023-06-28 16:55:19.043  INFO 12108 --- [           main] com.netflix.discovery.DiscoveryClient    : The response status is 200
2023-06-28 16:55:19.046  INFO 12108 --- [           main] com.netflix.discovery.DiscoveryClient    : Starting heartbeat executor: renew interval is: 30
2023-06-28 16:55:19.050  INFO 12108 --- [           main] c.n.discovery.InstanceInfoReplicator     : InstanceInfoReplicator onDemand update allowed rate per min is 4
2023-06-28 16:55:19.057  INFO 12108 --- [           main] com.netflix.discovery.DiscoveryClient    : Discovery Client initialized at timestamp 1687951519056 with initial instances count: 0
2023-06-28 16:55:19.063  INFO 12108 --- [           main] o.s.c.n.e.s.EurekaServiceRegistry        : Registering application RECEPTIONIST-MICROSERVICE with eureka with status UP
2023-06-28 16:55:19.064  INFO 12108 --- [           main] com.netflix.discovery.DiscoveryClient    : Saw local status change event StatusChangeEvent [timestamp=1687951519064, current=UP, previous=STARTING]
2023-06-28 16:55:19.070  INFO 12108 --- [nfoReplicator-0] com.netflix.discovery.DiscoveryClient    : DiscoveryClient_RECEPTIONIST-MICROSERVICE/inlen8520029598.corp.capgemini.com:Receptionist-Microservice:8089: registering service...
2023-06-28 16:55:19.085  INFO 12108 --- [           main] ReceptionistMicroserviceApplicationTests : Started ReceptionistMicroserviceApplicationTests in 9.603 seconds (JVM running for 10.682)
2023-06-28 16:55:19.185  INFO 12108 --- [nfoReplicator-0] com.netflix.discovery.DiscoveryClient    : DiscoveryClient_RECEPTIONIST-MICROSERVICE/inlen8520029598.corp.capgemini.com:Receptionist-Microservice:8089 - registration status: 204
Hibernate: 
    select
        room0_.id as id1_5_0_,
        room0_.check_in as check_in2_5_0_,
        room0_.check_out as check_ou3_5_0_,
        room0_.is_occupied as is_occup4_5_0_,
        room0_.room_cost as room_cos5_5_0_,
        room0_.room_no as room_no6_5_0_,
        room0_.room_type as room_typ7_5_0_ 
    from
        room room0_ 
    where
        room0_.id=?
Hibernate: 
    select
        nextval ('hibernate_sequence')
]]></system-out>
  </testcase>
  <testcase name="getListRooms" classname="com.example.ReceptionistMicroservice.ReceptionistMicroserviceApplicationTests" time="0.153"/>
  <testcase name="deleteEmployee" classname="com.example.ReceptionistMicroservice.ReceptionistMicroserviceApplicationTests" time="0.005">
    <error message="Provided id of the wrong type for class com.example.ReceptionistMicroservice.entity.Room. Expected: class java.lang.Integer, got class java.lang.Long; nested exception is java.lang.IllegalArgumentException: Provided id of the wrong type for class com.example.ReceptionistMicroservice.entity.Room. Expected: class java.lang.Integer, got class java.lang.Long" type="org.springframework.dao.InvalidDataAccessApiUsageException">org.springframework.dao.InvalidDataAccessApiUsageException: Provided id of the wrong type for class com.example.ReceptionistMicroservice.entity.Room. Expected: class java.lang.Integer, got class java.lang.Long; nested exception is java.lang.IllegalArgumentException: Provided id of the wrong type for class com.example.ReceptionistMicroservice.entity.Room. Expected: class java.lang.Integer, got class java.lang.Long
	at com.example.ReceptionistMicroservice.ReceptionistMicroserviceApplicationTests.deleteEmployee(ReceptionistMicroserviceApplicationTests.java:64)
Caused by: java.lang.IllegalArgumentException: Provided id of the wrong type for class com.example.ReceptionistMicroservice.entity.Room. Expected: class java.lang.Integer, got class java.lang.Long
	at com.example.ReceptionistMicroservice.ReceptionistMicroserviceApplicationTests.deleteEmployee(ReceptionistMicroserviceApplicationTests.java:64)
Caused by: org.hibernate.TypeMismatchException: Provided id of the wrong type for class com.example.ReceptionistMicroservice.entity.Room. Expected: class java.lang.Integer, got class java.lang.Long
	at com.example.ReceptionistMicroservice.ReceptionistMicroserviceApplicationTests.deleteEmployee(ReceptionistMicroserviceApplicationTests.java:64)
</error>
  </testcase>
  <testcase name="updateRoom" classname="com.example.ReceptionistMicroservice.ReceptionistMicroserviceApplicationTests" time="0.005">
    <error message="Provided id of the wrong type for class com.example.ReceptionistMicroservice.entity.Room. Expected: class java.lang.Integer, got class java.lang.Long; nested exception is java.lang.IllegalArgumentException: Provided id of the wrong type for class com.example.ReceptionistMicroservice.entity.Room. Expected: class java.lang.Integer, got class java.lang.Long" type="org.springframework.dao.InvalidDataAccessApiUsageException">org.springframework.dao.InvalidDataAccessApiUsageException: Provided id of the wrong type for class com.example.ReceptionistMicroservice.entity.Room. Expected: class java.lang.Integer, got class java.lang.Long; nested exception is java.lang.IllegalArgumentException: Provided id of the wrong type for class com.example.ReceptionistMicroservice.entity.Room. Expected: class java.lang.Integer, got class java.lang.Long
	at com.example.ReceptionistMicroservice.ReceptionistMicroserviceApplicationTests.updateRoom(ReceptionistMicroserviceApplicationTests.java:39)
Caused by: java.lang.IllegalArgumentException: Provided id of the wrong type for class com.example.ReceptionistMicroservice.entity.Room. Expected: class java.lang.Integer, got class java.lang.Long
	at com.example.ReceptionistMicroservice.ReceptionistMicroserviceApplicationTests.updateRoom(ReceptionistMicroserviceApplicationTests.java:39)
Caused by: org.hibernate.TypeMismatchException: Provided id of the wrong type for class com.example.ReceptionistMicroservice.entity.Room. Expected: class java.lang.Integer, got class java.lang.Long
	at com.example.ReceptionistMicroservice.ReceptionistMicroserviceApplicationTests.updateRoom(ReceptionistMicroserviceApplicationTests.java:39)
</error>
  </testcase>
  <testcase name="getRoomById" classname="com.example.ReceptionistMicroservice.ReceptionistMicroserviceApplicationTests" time="0.004">
    <error message="Provided id of the wrong type for class com.example.ReceptionistMicroservice.entity.Room. Expected: class java.lang.Integer, got class java.lang.Long; nested exception is java.lang.IllegalArgumentException: Provided id of the wrong type for class com.example.ReceptionistMicroservice.entity.Room. Expected: class java.lang.Integer, got class java.lang.Long" type="org.springframework.dao.InvalidDataAccessApiUsageException">org.springframework.dao.InvalidDataAccessApiUsageException: Provided id of the wrong type for class com.example.ReceptionistMicroservice.entity.Room. Expected: class java.lang.Integer, got class java.lang.Long; nested exception is java.lang.IllegalArgumentException: Provided id of the wrong type for class com.example.ReceptionistMicroservice.entity.Room. Expected: class java.lang.Integer, got class java.lang.Long
	at com.example.ReceptionistMicroservice.ReceptionistMicroserviceApplicationTests.getRoomById(ReceptionistMicroserviceApplicationTests.java:57)
Caused by: java.lang.IllegalArgumentException: Provided id of the wrong type for class com.example.ReceptionistMicroservice.entity.Room. Expected: class java.lang.Integer, got class java.lang.Long
	at com.example.ReceptionistMicroservice.ReceptionistMicroserviceApplicationTests.getRoomById(ReceptionistMicroserviceApplicationTests.java:57)
Caused by: org.hibernate.TypeMismatchException: Provided id of the wrong type for class com.example.ReceptionistMicroservice.entity.Room. Expected: class java.lang.Integer, got class java.lang.Long
	at com.example.ReceptionistMicroservice.ReceptionistMicroserviceApplicationTests.getRoomById(ReceptionistMicroserviceApplicationTests.java:57)
</error>
  </testcase>
</testsuite>